<?xml version="1.0" encoding="UTF-8"?>
<!-- Generated by org.testng.reporters.JUnitReportReporter -->
<testsuite skipped="0" hostname="Chitranjalis-MacBook-Pro.local" name="com.qa.blaze.tests.WelcomePageTest" tests="4" failures="0" timestamp="27 Aug 2021 05:19:09 GMT" time="6.788" errors="0">
  <testcase name="verifyWelcomePageTitleTest" time="0.032" classname="com.qa.blaze.tests.WelcomePageTest"/>
  <testcase name="verifyWelcomePageHeader" time="1.013" classname="com.qa.blaze.tests.WelcomePageTest"/>
  <testcase name="verifyHeaderLinks" time="0.020" classname="com.qa.blaze.tests.WelcomePageTest"/>
  <testcase name="selectCityValues" time="5.723" classname="com.qa.blaze.tests.WelcomePageTest"/>
</testsuite> <!-- com.qa.blaze.tests.WelcomePageTest -->
